<?xml version="1.0" encoding="UTF-8"?>
<!-- Generated by org.testng.reporters.JUnitReportReporter -->
<testsuite hostname="tejal" failures="0" tests="4" name="api.testcases.UserTest" time="8.226" errors="0" timestamp="2023-05-05T15:00:45 IST" skipped="0">
  <testcase classname="api.testcases.UserTest" name="testPostuser" time="3.517"/>
  <system-out/>
  <testcase classname="api.testcases.UserTest" name="testGetUserByname" time="1.186"/>
  <system-out/>
  <testcase classname="api.testcases.UserTest" name="testUpdateUser" time="2.386"/>
  <system-out/>
  <testcase classname="api.testcases.UserTest" name="testDeetUserByname" time="1.137"/>
  <system-out/>
</testsuite> <!-- api.testcases.UserTest -->
