<?xml version="1.0" encoding="UTF-8"?>
<!-- Generated by org.testng.reporters.JUnitReportReporter -->
<testsuite hostname="tejal" failures="0" tests="6" name="api.testcases.DataDriventestcase" time="8.690" errors="0" timestamp="2023-05-05T14:22:50 IST" skipped="0">
  <testcase classname="api.testcases.DataDriventestcase" name="testPostuser" time="1.142"/>
  <system-out/>
  <testcase classname="api.testcases.DataDriventestcase" name="testPostuser" time="3.814"/>
  <system-out/>
  <testcase classname="api.testcases.DataDriventestcase" name="testPostuser" time="1.230"/>
  <system-out/>
  <testcase classname="api.testcases.DataDriventestcase" name="DeleteUserByname" time="1.254"/>
  <system-out/>
  <testcase classname="api.testcases.DataDriventestcase" name="DeleteUserByname" time="1.243"/>
  <system-out/>
  <testcase classname="api.testcases.DataDriventestcase" name="DeleteUserByname" time="0.007"/>
  <system-out/>
</testsuite> <!-- api.testcases.DataDriventestcase -->
