<?xml version="1.0" encoding="UTF-8"?>
<!-- Generated by org.testng.reporters.JUnitReportReporter -->
<testsuite hostname="tejal" failures="0" tests="4" name="api.testcases.UserTest" time="8.581" errors="0" timestamp="2023-05-05T16:59:55 IST" skipped="0">
  <testcase classname="api.testcases.UserTest" name="testPostuser" time="3.774"/>
  <system-out/>
  <testcase classname="api.testcases.UserTest" name="testGetUserByname" time="1.196"/>
  <system-out/>
  <testcase classname="api.testcases.UserTest" name="testUpdateUser" time="2.434"/>
  <system-out/>
  <testcase classname="api.testcases.UserTest" name="testDeetUserByname" time="1.177"/>
  <system-out/>
</testsuite> <!-- api.testcases.UserTest -->
